<?xml version="1.0" encoding="UTF-8"?>
<testsuite name="edu.touro.mco152.bm.UtilTest" tests="4" skipped="0" failures="0" errors="0" timestamp="2024-03-19T20:00:57" hostname="PEACE" time="0.047">
  <properties/>
  <testcase name="getErrorFromRandInt()" classname="edu.touro.mco152.bm.UtilTest" time="0.003"/>
  <testcase name="boundaryRandInt()" classname="edu.touro.mco152.bm.UtilTest" time="0.002"/>
  <testcase name="[1] 1" classname="edu.touro.mco152.bm.UtilTest" time="0.013"/>
  <testcase name="[2] 2147483647" classname="edu.touro.mco152.bm.UtilTest" time="0.0"/>
  <system-out><![CDATA[]]></system-out>
  <system-err><![CDATA[]]></system-err>
</testsuite>
