<?xml version="1.0" encoding="UTF-8"?>
<testsuite name="org.example.LibraryTest" tests="1" skipped="0" failures="0" errors="0" timestamp="2024-02-23T02:02:47" hostname="PEACE" time="0.014">
  <properties/>
  <testcase name="someLibraryMethodReturnsTrue()" classname="org.example.LibraryTest" time="0.014"/>
  <system-out><![CDATA[]]></system-out>
  <system-err><![CDATA[]]></system-err>
</testsuite>
