<?xml version="1.0" encoding="UTF-8"?>
<testsuite name="edu.touro.mco152.bm.persist.TestEM" tests="2" skipped="0" failures="0" errors="0" timestamp="2024-03-22T19:27:57" hostname="PEACE" time="0.004">
  <properties/>
  <testcase name="getEntityManager()" classname="edu.touro.mco152.bm.persist.TestEM" time="0.001"/>
  <testcase name="crossCheck()" classname="edu.touro.mco152.bm.persist.TestEM" time="0.002"/>
  <system-out><![CDATA[]]></system-out>
  <system-err><![CDATA[]]></system-err>
</testsuite>
